(THU.CST) os is loading ...

Special kernel symbols:
  entry  0xc0100036 (phys)
  etext  0xc01159af (phys)
  edata  0xc0153000 (phys)
  end    0xc0157364 (phys)
Kernel executable memory footprint: 349KB
memory management: default_pmm_manager
e820map:
  memory: 0009fc00, [00000000, 0009fbff], type = 1.
  memory: 00000400, [0009fc00, 0009ffff], type = 2.
  memory: 00010000, [000f0000, 000fffff], type = 2.
  memory: 07ee0000, [00100000, 07fdffff], type = 1.
  memory: 00020000, [07fe0000, 07ffffff], type = 2.
  memory: 00040000, [fffc0000, ffffffff], type = 2.
check_alloc_page() succeeded!
check_pgdir() succeeded!
check_boot_pgdir() succeeded!
-------------------- BEGIN --------------------
PDE(0e0) c0000000-f8000000 38000000 urw
  |-- PTE(38000) c0000000-f8000000 38000000 -rw
PDE(001) fac00000-fb000000 00400000 -rw
  |-- PTE(000e0) faf00000-fafe0000 000e0000 urw
  |-- PTE(00001) fafeb000-fafec000 00001000 -rw
--------------------- END ---------------------
use SLOB allocator
kmalloc_init() succeeded!
check_vma_struct() succeeded!
page fault at 0x00000100: K/W [no page found].
check_pgfault() succeeded!
check_vmm() succeeded.
sched class: stride_scheduler
ide 0:      10000(sectors), 'QEMU HARDDISK'.
ide 1:     262144(sectors), 'QEMU HARDDISK'.
ide 2:     262144(sectors), 'QEMU HARDDISK'.
SWAP: manager = fifo swap manager
BEGIN check_swap: count 1, total 31908
setup Page Table for vaddr 0X1000, so alloc a page
setup Page Table vaddr 0~4MB OVER!
set up init env for check_swap begin!
page fault at 0x00001000: K/W [no page found].
page fault at 0x00002000: K/W [no page found].
page fault at 0x00003000: K/W [no page found].
page fault at 0x00004000: K/W [no page found].
set up init env for check_swap over!
write Virt Page c in fifo_check_swap
write Virt Page a in fifo_check_swap
write Virt Page d in fifo_check_swap
write Virt Page b in fifo_check_swap
write Virt Page e in fifo_check_swap
page fault at 0x00005000: K/W [no page found].
swap_out: i 0, store page in vaddr 0x1000 to disk swap entry 2
write Virt Page b in fifo_check_swap
write Virt Page a in fifo_check_swap
page fault at 0x00001000: K/W [no page found].
swap_out: i 0, store page in vaddr 0x2000 to disk swap entry 3
swap_in: load disk swap entry 2 with swap_page in vadr 0x1000
write Virt Page b in fifo_check_swap
page fault at 0x00002000: K/W [no page found].
swap_out: i 0, store page in vaddr 0x3000 to disk swap entry 4
swap_in: load disk swap entry 3 with swap_page in vadr 0x2000
write Virt Page c in fifo_check_swap
page fault at 0x00003000: K/W [no page found].
swap_out: i 0, store page in vaddr 0x4000 to disk swap entry 5
swap_in: load disk swap entry 4 with swap_page in vadr 0x3000
write Virt Page d in fifo_check_swap
page fault at 0x00004000: K/W [no page found].
swap_out: i 0, store page in vaddr 0x5000 to disk swap entry 6
swap_in: load disk swap entry 5 with swap_page in vadr 0x4000
write Virt Page e in fifo_check_swap
page fault at 0x00005000: K/W [no page found].
swap_out: i 0, store page in vaddr 0x1000 to disk swap entry 2
swap_in: load disk swap entry 6 with swap_page in vadr 0x5000
write Virt Page a in fifo_check_swap
page fault at 0x00001000: K/R [no page found].
swap_out: i 0, store page in vaddr 0x2000 to disk swap entry 3
swap_in: load disk swap entry 2 with swap_page in vadr 0x1000
count is 0, total is 5
check_swap() succeeded!
sfs: mount: 'simple file system' (274/32494/32768)
vfs: mount disk0.
++ setup timer interrupts
I am No.4 philosopher_condvar
Iter 1, No.4 philosopher_condvar is thinking
I am No.3 philosopher_condvar
Iter 1, No.3 philosopher_condvar is thinking
I am No.2 philosopher_condvar
Iter 1, No.2 philosopher_condvar is thinking
I am No.1 philosopher_condvar
Iter 1, No.1 philosopher_condvar is thinking
I am No.0 philosopher_condvar
Iter 1, No.0 philosopher_condvar is thinking
I am No.4 philosopher_sema
Iter 1, No.4 philosopher_sema is thinking
I am No.3 philosopher_sema
Iter 1, No.3 philosopher_sema is thinking
I am No.2 philosopher_sema
Iter 1, No.2 philosopher_sema is thinking
I am No.1 philosopher_sema
Iter 1, No.1 philosopher_sema is thinking
I am No.0 philosopher_sema
Iter 1, No.0 philosopher_sema is thinking
kernel_execve: pid = 2, name = "yield".
Hello, I am process 2.
Back in process 2, iteration 0.
Back in process 2, iteration 1.
Back in process 2, iteration 2.
Back in process 2, iteration 3.
Back in process 2, iteration 4.
All done in process 2.
yield pass.
Iter 1, No.0 philosopher_sema is eating
Iter 1, No.2 philosopher_sema is eating
Iter 1, No.0 philosopher_condvar is eating
Iter 1, No.2 philosopher_condvar is eating
Iter 1, No.3 philosopher_condvar is eating
Iter 2, No.2 philosopher_sema is thinking
Iter 1, No.3 philosopher_sema is eating
Iter 2, No.0 philosopher_sema is thinking
Iter 1, No.1 philosopher_sema is eating
Iter 2, No.2 philosopher_condvar is thinking
Iter 1, No.1 philosopher_condvar is eating
Iter 2, No.0 philosopher_condvar is thinking
Iter 2, No.1 philosopher_sema is thinking
Iter 2, No.0 philosopher_sema is eating
Iter 2, No.3 philosopher_sema is thinking
Iter 2, No.2 philosopher_sema is eating
Iter 2, No.0 philosopher_condvar is eating
Iter 2, No.1 philosopher_condvar is thinking
Iter 2, No.3 philosopher_condvar is thinking
Iter 2, No.2 philosopher_condvar is eating
Iter 3, No.2 philosopher_sema is thinking
Iter 2, No.3 philosopher_sema is eating
Iter 3, No.0 philosopher_sema is thinking
Iter 2, No.1 philosopher_sema is eating
Iter 1, No.4 philosopher_condvar is eating
Iter 3, No.0 philosopher_condvar is thinking
Iter 2, No.1 philosopher_condvar is eating
Iter 3, No.2 philosopher_condvar is thinking
Iter 3, No.2 philosopher_condvar is eating
Iter 3, No.1 philosopher_condvar is thinking
Iter 3, No.1 philosopher_sema is thinking
Iter 3, No.0 philosopher_sema is eating
Iter 3, No.3 philosopher_sema is thinking
Iter 3, No.2 philosopher_sema is eating
Iter 3, No.0 philosopher_condvar is eating
Iter 2, No.4 philosopher_condvar is thinking
Iter 4, No.2 philosopher_sema is thinking
Iter 4, No.0 philosopher_sema is thinking
Iter 3, No.1 philosopher_sema is eating
Iter 1, No.4 philosopher_sema is eating
Iter 2, No.3 philosopher_condvar is eating
Iter 4, No.2 philosopher_condvar is thinking
Iter 3, No.1 philosopher_condvar is eating
Iter 4, No.0 philosopher_condvar is thinking
Iter 4, No.1 philosopher_sema is thinking
Iter 4, No.2 philosopher_sema is eating
Iter 2, No.4 philosopher_sema is thinking
Iter 4, No.0 philosopher_sema is eating
Iter 4, No.0 philosopher_condvar is eating
Iter 4, No.1 philosopher_condvar is thinking
Iter 4, No.2 philosopher_condvar is eating
Iter 3, No.3 philosopher_condvar is thinking
No.2 philosopher_sema quit
Iter 3, No.3 philosopher_sema is eating
Iter 2, No.4 philosopher_condvar is eating
No.0 philosopher_condvar quit
No.0 philosopher_sema quit
Iter 4, No.1 philosopher_sema is eating
Iter 4, No.1 philosopher_condvar is eating
No.2 philosopher_condvar quit
No.1 philosopher_condvar quit
Iter 3, No.3 philosopher_condvar is eating
No.1 philosopher_sema quit
Iter 4, No.3 philosopher_sema is thinking
Iter 2, No.4 philosopher_sema is eating
Iter 3, No.4 philosopher_condvar is thinking
Iter 3, No.4 philosopher_sema is thinking
Iter 4, No.3 philosopher_condvar is thinking
Iter 4, No.3 philosopher_sema is eating
Iter 3, No.4 philosopher_condvar is eating
No.3 philosopher_sema quit
Iter 3, No.4 philosopher_sema is eating
Iter 4, No.3 philosopher_condvar is eating
Iter 4, No.4 philosopher_condvar is thinking
Iter 4, No.4 philosopher_sema is thinking
No.3 philosopher_condvar quit
Iter 4, No.4 philosopher_condvar is eating
Iter 4, No.4 philosopher_sema is eating
No.4 philosopher_condvar quit
No.4 philosopher_sema quit
sfs: cleanup: 'simple file system' (274/32494/32768)
all user-mode processes have quit.
init check memory pass.
kernel panic at kern/process/proc.c:544:
    initproc exit.

stack trackback:
Welcome to the kernel debug monitor!!
Type 'help' for a list of commands.
K> 