(THU.CST) os is loading ...

Special kernel symbols:
  entry  0xc0100036 (phys)
  etext  0xc010a165 (phys)
  edata  0xc0128000 (phys)
  end    0xc012b1c4 (phys)
Kernel executable memory footprint: 173KB
ebp:0xc0124f38 eip:0xc0100abb args:0x00010094 0x00010094 0xc0124f68 0xc01000df
    kern/debug/kdebug.c:309: print_stackframe+22
ebp:0xc0124f48 eip:0xc0100dc0 args:0x00000000 0x00000000 0x00000000 0xc0124fb8
    kern/debug/kmonitor.c:130: mon_backtrace+11
ebp:0xc0124f68 eip:0xc01000df args:0x00000000 0xc0124f90 0xffff0000 0xc0124f94
    kern/init/init.c:59: grade_backtrace2+34
ebp:0xc0124f88 eip:0xc0100109 args:0x00000000 0xffff0000 0xc0124fb4 0x0000002a
    kern/init/init.c:64: grade_backtrace1+39
ebp:0xc0124fa8 eip:0xc0100128 args:0x00000000 0xc0100036 0xffff0000 0x0000001d
    kern/init/init.c:69: grade_backtrace0+24
ebp:0xc0124fc8 eip:0xc010014e args:0xc010a19c 0xc010a180 0x000031c4 0x00000000
    kern/init/init.c:74: grade_backtrace+35
ebp:0xc0124ff8 eip:0xc010008b args:0xc010a390 0xc010a398 0xc0100d48 0xc010a3b7
    kern/init/init.c:35: kern_init+85
memory management: default_pmm_manager
e820map:
  memory: 0009fc00, [00000000, 0009fbff], type = 1.
  memory: 00000400, [0009fc00, 0009ffff], type = 2.
  memory: 00010000, [000f0000, 000fffff], type = 2.
  memory: 07ee0000, [00100000, 07fdffff], type = 1.
  memory: 00020000, [07fe0000, 07ffffff], type = 2.
  memory: 00040000, [fffc0000, ffffffff], type = 2.
check_alloc_page() succeeded!
check_pgdir() succeeded!
check_boot_pgdir() succeeded!
-------------------- BEGIN --------------------
PDE(0e0) c0000000-f8000000 38000000 urw
  |-- PTE(38000) c0000000-f8000000 38000000 -rw
PDE(001) fac00000-fb000000 00400000 -rw
  |-- PTE(000e0) faf00000-fafe0000 000e0000 urw
  |-- PTE(00001) fafeb000-fafec000 00001000 -rw
--------------------- END ---------------------
use SLOB allocator
kmalloc_init() succeeded!
check_vma_struct() succeeded!
page fault at 0x00000100: K/W [no page found].
check_pgfault() succeeded!
check_vmm() succeeded.
kernel panic at kern/process/proc.c:353:
    create init_main failed.

stack trackback:
ebp:0xc0124f68 eip:0xc0100abb args:0xc010a248 0xc0124fac 0x00000161 0xc0108af2
    kern/debug/kdebug.c:309: print_stackframe+22
ebp:0xc0124f98 eip:0xc0100473 args:0xc010c101 0x00000161 0xc010c1a2 0x00007cd5
    kern/debug/panic.c:27: __panic+104
ebp:0xc0124fc8 eip:0xc010934a args:0xc010a19c 0xc010a180 0x000031c4 0x00000000
    kern/process/proc.c:356: proc_init+290
ebp:0xc0124ff8 eip:0xc01000a4 args:0xc010a390 0xc010a398 0xc0100d48 0xc010a3b7
    kern/init/init.c:43: kern_init+110
Welcome to the kernel debug monitor!!
Type 'help' for a list of commands.
K> 